# JRE version: OpenJDK Runtime Environment Temurin-21.0.10+7 (21.0.10+7) (build 21.0.10+7-LTS)
# Java VM: OpenJDK 64-Bit Server VM Temurin-21.0.10+7 (21.0.10+7-LTS, mixed mode, sharing, tiered, compressed oops, compressed class ptrs, parallel gc, windows-amd64)
GC Precious Log:
 CardTable entry size: 512
 CPUs: 8 total, 8 available
 Memory: 7932M
 Large Page Support: Disabled
 NUMA Support: Disabled
 Compressed Oops: Enabled (32-bit)
 Alignments: Space 512K, Generation 512K, Heap 2M
 Heap Min Capacity: 100M
 Heap Initial Capacity: 100M
 Heap Max Capacity: 2G
 Pre-touch: Disabled
 Parallel Workers: 8
Heap:
 PSYoungGen      total 16384K, used 6970K [0x00000000d5580000, 0x00000000d6880000, 0x0000000100000000)
  eden space 14336K, 37% used [0x00000000d5580000,0x00000000d5abd8d8,0x00000000d6380000)
  from space 2048K, 78% used [0x00000000d6680000,0x00000000d6811210,0x00000000d6880000)
  to   space 2048K, 0% used [0x00000000d6480000,0x00000000d6480000,0x00000000d6680000)
 ParOldGen       total 101888K, used 101499K [0x0000000080000000, 0x0000000086380000, 0x00000000d5580000)
  object space 101888K, 99% used [0x0000000080000000,0x000000008631eca0,0x0000000086380000)
 Metaspace       used 68345K, committed 69888K, reserved 1114112K
  class space    used 7126K, committed 7808K, reserved 1048576K
GC Heap History (20 events):
Event: 36.545 GC heap before
{Heap before GC invocations=114 (full 3):
 PSYoungGen      total 16384K, used 16367K [0x00000000d5580000, 0x00000000d6d80000, 0x0000000100000000)
  eden space 14848K, 100% used [0x00000000d5580000,0x00000000d6400000,0x00000000d6400000)
  from space 1536K, 98% used [0x00000000d6800000,0x00000000d697bcd0,0x00000000d6980000)
  to   space 4096K, 0% used [0x00000000d6400000,0x00000000d6400000,0x00000000d6800000)
 ParOldGen       total 90624K, used 90128K [0x0000000080000000, 0x0000000085880000, 0x00000000d5580000)
  object space 90624K, 99% used [0x0000000080000000,0x0000000085804358,0x0000000085880000)
 Metaspace       used 64285K, committed 65792K, reserved 1114112K
  class space    used 6868K, committed 7488K, reserved 1048576K
}
Event: 36.555 GC heap after
{Heap after GC invocations=114 (full 3):
 PSYoungGen      total 17408K, used 2145K [0x00000000d5580000, 0x00000000d6a00000, 0x0000000100000000)
  eden space 14848K, 0% used [0x00000000d5580000,0x00000000d5580000,0x00000000d6400000)
  from space 2560K, 83% used [0x00000000d6400000,0x00000000d66187a0,0x00000000d6680000)
  to   space 3072K, 0% used [0x00000000d6700000,0x00000000d6700000,0x00000000d6a00000)
 ParOldGen       total 91648K, used 91561K [0x0000000080000000, 0x0000000085980000, 0x00000000d5580000)
  object space 91648K, 99% used [0x0000000080000000,0x000000008596a658,0x0000000085980000)
 Metaspace       used 64285K, committed 65792K, reserved 1114112K
  class space    used 6868K, committed 7488K, reserved 1048576K
}
Event: 37.157 GC heap before
{Heap before GC invocations=115 (full 3):
 PSYoungGen      total 17408K, used 16993K [0x00000000d5580000, 0x00000000d6a00000, 0x0000000100000000)
  eden space 14848K, 100% used [0x00000000d5580000,0x00000000d6400000,0x00000000d6400000)
  from space 2560K, 83% used [0x00000000d6400000,0x00000000d66187a0,0x00000000d6680000)
  to   space 3072K, 0% used [0x00000000d6700000,0x00000000d6700000,0x00000000d6a00000)
 ParOldGen       total 91648K, used 91563K [0x0000000080000000, 0x0000000085980000, 0x00000000d5580000)
  object space 91648K, 99% used [0x0000000080000000,0x000000008596afd0,0x0000000085980000)
 Metaspace       used 65515K, committed 67072K, reserved 1114112K
  class space    used 6963K, committed 7616K, reserved 1048576K
}
Event: 37.165 GC heap after
{Heap after GC invocations=115 (full 3):
 PSYoungGen      total 16384K, used 1367K [0x00000000d5580000, 0x00000000d6880000, 0x0000000100000000)
  eden space 14848K, 0% used [0x00000000d5580000,0x00000000d5580000,0x00000000d6400000)
  from space 1536K, 89% used [0x00000000d6700000,0x00000000d6855ed8,0x00000000d6880000)
  to   space 2048K, 0% used [0x00000000d6480000,0x00000000d6480000,0x00000000d6680000)
 ParOldGen       total 93696K, used 93512K [0x0000000080000000, 0x0000000085b80000, 0x00000000d5580000)
  object space 93696K, 99% used [0x0000000080000000,0x0000000085b52230,0x0000000085b80000)
 Metaspace       used 65515K, committed 67072K, reserved 1114112K
  class space    used 6963K, committed 7616K, reserved 1048576K
}
Event: 37.818 GC heap before
{Heap before GC invocations=116 (full 3):
 PSYoungGen      total 16384K, used 16215K [0x00000000d5580000, 0x00000000d6880000, 0x0000000100000000)
  eden space 14848K, 100% used [0x00000000d5580000,0x00000000d6400000,0x00000000d6400000)
  from space 1536K, 89% used [0x00000000d6700000,0x00000000d6855ed8,0x00000000d6880000)
  to   space 2048K, 0% used [0x00000000d6480000,0x00000000d6480000,0x00000000d6680000)
 ParOldGen       total 93696K, used 93512K [0x0000000080000000, 0x0000000085b80000, 0x00000000d5580000)
  object space 93696K, 99% used [0x0000000080000000,0x0000000085b52230,0x0000000085b80000)
 Metaspace       used 65983K, committed 67456K, reserved 1114112K
  class space    used 6988K, committed 7616K, reserved 1048576K
}
Event: 37.824 GC heap after
{Heap after GC invocations=116 (full 3):
 PSYoungGen      total 16384K, used 1274K [0x00000000d5580000, 0x00000000d6780000, 0x0000000100000000)
  eden space 14848K, 0% used [0x00000000d5580000,0x00000000d5580000,0x00000000d6400000)
  from space 1536K, 82% used [0x00000000d6480000,0x00000000d65be900,0x00000000d6600000)
  to   space 1536K, 0% used [0x00000000d6600000,0x00000000d6600000,0x00000000d6780000)
 ParOldGen       total 94720K, used 94550K [0x0000000080000000, 0x0000000085c80000, 0x00000000d5580000)
  object space 94720K, 99% used [0x0000000080000000,0x0000000085c55b70,0x0000000085c80000)
 Metaspace       used 65983K, committed 67456K, reserved 1114112K
  class space    used 6988K, committed 7616K, reserved 1048576K
}
Event: 38.163 GC heap before
{Heap before GC invocations=117 (full 3):
 PSYoungGen      total 16384K, used 16122K [0x00000000d5580000, 0x00000000d6780000, 0x0000000100000000)
  eden space 14848K, 100% used [0x00000000d5580000,0x00000000d6400000,0x00000000d6400000)
  from space 1536K, 82% used [0x00000000d6480000,0x00000000d65be900,0x00000000d6600000)
  to   space 1536K, 0% used [0x00000000d6600000,0x00000000d6600000,0x00000000d6780000)
 ParOldGen       total 94720K, used 94550K [0x0000000080000000, 0x0000000085c80000, 0x00000000d5580000)
  object space 94720K, 99% used [0x0000000080000000,0x0000000085c55b70,0x0000000085c80000)
 Metaspace       used 66419K, committed 67968K, reserved 1114112K
  class space    used 7029K, committed 7680K, reserved 1048576K
}
Event: 38.169 GC heap after
{Heap after GC invocations=117 (full 3):
 PSYoungGen      total 16384K, used 1288K [0x00000000d5580000, 0x00000000d6780000, 0x0000000100000000)
  eden space 14848K, 0% used [0x00000000d5580000,0x00000000d5580000,0x00000000d6400000)
  from space 1536K, 83% used [0x00000000d6600000,0x00000000d6742180,0x00000000d6780000)
  to   space 1536K, 0% used [0x00000000d6480000,0x00000000d6480000,0x00000000d6600000)
 ParOldGen       total 95744K, used 95636K [0x0000000080000000, 0x0000000085d80000, 0x00000000d5580000)
  object space 95744K, 99% used [0x0000000080000000,0x0000000085d653c8,0x0000000085d80000)
 Metaspace       used 66419K, committed 67968K, reserved 1114112K
  class space    used 7029K, committed 7680K, reserved 1048576K
}
Event: 38.528 GC heap before
{Heap before GC invocations=118 (full 3):
 PSYoungGen      total 16384K, used 16136K [0x00000000d5580000, 0x00000000d6780000, 0x0000000100000000)
  eden space 14848K, 100% used [0x00000000d5580000,0x00000000d6400000,0x00000000d6400000)
  from space 1536K, 83% used [0x00000000d6600000,0x00000000d6742180,0x00000000d6780000)
  to   space 1536K, 0% used [0x00000000d6480000,0x00000000d6480000,0x00000000d6600000)
 ParOldGen       total 95744K, used 95636K [0x0000000080000000, 0x0000000085d80000, 0x00000000d5580000)
  object space 95744K, 99% used [0x0000000080000000,0x0000000085d653c8,0x0000000085d80000)
 Metaspace       used 66513K, committed 68032K, reserved 1114112K
  class space    used 7032K, committed 7680K, reserved 1048576K
}
Event: 38.534 GC heap after
{Heap after GC invocations=118 (full 3):
 PSYoungGen      total 16384K, used 1419K [0x00000000d5580000, 0x00000000d6700000, 0x0000000100000000)
  eden space 14848K, 0% used [0x00000000d5580000,0x00000000d5580000,0x00000000d6400000)
  from space 1536K, 92% used [0x00000000d6480000,0x00000000d65e2f48,0x00000000d6600000)
  to   space 1024K, 0% used [0x00000000d6600000,0x00000000d6600000,0x00000000d6700000)
 ParOldGen       total 96256K, used 95931K [0x0000000080000000, 0x0000000085e00000, 0x00000000d5580000)
  object space 96256K, 99% used [0x0000000080000000,0x0000000085daec78,0x0000000085e00000)
 Metaspace       used 66513K, committed 68032K, reserved 1114112K
  class space    used 7032K, committed 7680K, reserved 1048576K
}
Event: 38.939 GC heap before
{Heap before GC invocations=119 (full 3):
 PSYoungGen      total 16384K, used 16267K [0x00000000d5580000, 0x00000000d6700000, 0x0000000100000000)
  eden space 14848K, 100% used [0x00000000d5580000,0x00000000d6400000,0x00000000d6400000)
  from space 1536K, 92% used [0x00000000d6480000,0x00000000d65e2f48,0x00000000d6600000)
  to   space 1024K, 0% used [0x00000000d6600000,0x00000000d6600000,0x00000000d6700000)
 ParOldGen       total 96256K, used 95931K [0x0000000080000000, 0x0000000085e00000, 0x00000000d5580000)
  object space 96256K, 99% used [0x0000000080000000,0x0000000085daec78,0x0000000085e00000)
 Metaspace       used 66794K, committed 68288K, reserved 1114112K
  class space    used 7043K, committed 7680K, reserved 1048576K
}
Event: 38.944 GC heap after
{Heap after GC invocations=119 (full 3):
 PSYoungGen      total 15360K, used 1017K [0x00000000d5580000, 0x00000000d6900000, 0x0000000100000000)
  eden space 14336K, 0% used [0x00000000d5580000,0x00000000d5580000,0x00000000d6380000)
  from space 1024K, 99% used [0x00000000d6600000,0x00000000d66fe410,0x00000000d6700000)
  to   space 2560K, 0% used [0x00000000d6380000,0x00000000d6380000,0x00000000d6600000)
 ParOldGen       total 97280K, used 96976K [0x0000000080000000, 0x0000000085f00000, 0x00000000d5580000)
  object space 97280K, 99% used [0x0000000080000000,0x0000000085eb4178,0x0000000085f00000)
 Metaspace       used 66794K, committed 68288K, reserved 1114112K
  class space    used 7043K, committed 7680K, reserved 1048576K
}
Event: 39.359 GC heap before
{Heap before GC invocations=120 (full 3):
 PSYoungGen      total 15360K, used 15353K [0x00000000d5580000, 0x00000000d6900000, 0x0000000100000000)
  eden space 14336K, 100% used [0x00000000d5580000,0x00000000d6380000,0x00000000d6380000)
  from space 1024K, 99% used [0x00000000d6600000,0x00000000d66fe410,0x00000000d6700000)
  to   space 2560K, 0% used [0x00000000d6380000,0x00000000d6380000,0x00000000d6600000)
 ParOldGen       total 97280K, used 96976K [0x0000000080000000, 0x0000000085f00000, 0x00000000d5580000)
  object space 97280K, 99% used [0x0000000080000000,0x0000000085eb4178,0x0000000085f00000)
 Metaspace       used 67208K, committed 68672K, reserved 1114112K
  class space    used 7056K, committed 7680K, reserved 1048576K
}
Event: 39.364 GC heap after
{Heap after GC invocations=120 (full 3):
 PSYoungGen      total 15872K, used 1249K [0x00000000d5580000, 0x00000000d6780000, 0x0000000100000000)
  eden space 14336K, 0% used [0x00000000d5580000,0x00000000d5580000,0x00000000d6380000)
  from space 1536K, 81% used [0x00000000d6380000,0x00000000d64b8430,0x00000000d6500000)
  to   space 2048K, 0% used [0x00000000d6580000,0x00000000d6580000,0x00000000d6780000)
 ParOldGen       total 98304K, used 97826K [0x0000000080000000, 0x0000000086000000, 0x00000000d5580000)
  object space 98304K, 99% used [0x0000000080000000,0x0000000085f88b08,0x0000000086000000)
 Metaspace       used 67208K, committed 68672K, reserved 1114112K
  class space    used 7056K, committed 7680K, reserved 1048576K
}
Event: 315.482 GC heap before
{Heap before GC invocations=121 (full 3):
 PSYoungGen      total 15872K, used 15585K [0x00000000d5580000, 0x00000000d6780000, 0x0000000100000000)
  eden space 14336K, 100% used [0x00000000d5580000,0x00000000d6380000,0x00000000d6380000)
  from space 1536K, 81% used [0x00000000d6380000,0x00000000d64b8430,0x00000000d6500000)
  to   space 2048K, 0% used [0x00000000d6580000,0x00000000d6580000,0x00000000d6780000)
 ParOldGen       total 98304K, used 97826K [0x0000000080000000, 0x0000000086000000, 0x00000000d5580000)
  object space 98304K, 99% used [0x0000000080000000,0x0000000085f88b08,0x0000000086000000)
 Metaspace       used 67771K, committed 69312K, reserved 1114112K
  class space    used 7110K, committed 7744K, reserved 1048576K
}
Event: 315.545 GC heap after
{Heap after GC invocations=121 (full 3):
 PSYoungGen      total 15872K, used 1040K [0x00000000d5580000, 0x00000000d6700000, 0x0000000100000000)
  eden space 14336K, 0% used [0x00000000d5580000,0x00000000d5580000,0x00000000d6380000)
  from space 1536K, 67% used [0x00000000d6580000,0x00000000d6684010,0x00000000d6700000)
  to   space 1536K, 0% used [0x00000000d6380000,0x00000000d6380000,0x00000000d6500000)
 ParOldGen       total 99328K, used 98916K [0x0000000080000000, 0x0000000086100000, 0x00000000d5580000)
  object space 99328K, 99% used [0x0000000080000000,0x00000000860990a0,0x0000000086100000)
 Metaspace       used 67771K, committed 69312K, reserved 1114112K
  class space    used 7110K, committed 7744K, reserved 1048576K
}
Event: 316.020 GC heap before
{Heap before GC invocations=122 (full 3):
 PSYoungGen      total 15872K, used 15376K [0x00000000d5580000, 0x00000000d6700000, 0x0000000100000000)
  eden space 14336K, 100% used [0x00000000d5580000,0x00000000d6380000,0x00000000d6380000)
  from space 1536K, 67% used [0x00000000d6580000,0x00000000d6684010,0x00000000d6700000)
  to   space 1536K, 0% used [0x00000000d6380000,0x00000000d6380000,0x00000000d6500000)
 ParOldGen       total 99328K, used 98916K [0x0000000080000000, 0x0000000086100000, 0x00000000d5580000)
  object space 99328K, 99% used [0x0000000080000000,0x00000000860990a0,0x0000000086100000)
 Metaspace       used 67954K, committed 69568K, reserved 1114112K
  class space    used 7117K, committed 7808K, reserved 1048576K
}
Event: 316.026 GC heap after
{Heap after GC invocations=122 (full 3):
 PSYoungGen      total 15872K, used 1518K [0x00000000d5580000, 0x00000000d6980000, 0x0000000100000000)
  eden space 14336K, 0% used [0x00000000d5580000,0x00000000d5580000,0x00000000d6380000)
  from space 1536K, 98% used [0x00000000d6380000,0x00000000d64fbb60,0x00000000d6500000)
  to   space 3072K, 0% used [0x00000000d6680000,0x00000000d6680000,0x00000000d6980000)
 ParOldGen       total 100352K, used 100012K [0x0000000080000000, 0x0000000086200000, 0x00000000d5580000)
  object space 100352K, 99% used [0x0000000080000000,0x00000000861ab2f0,0x0000000086200000)
 Metaspace       used 67954K, committed 69568K, reserved 1114112K
  class space    used 7117K, committed 7808K, reserved 1048576K
}
Event: 316.299 GC heap before
{Heap before GC invocations=123 (full 3):
 PSYoungGen      total 15872K, used 15854K [0x00000000d5580000, 0x00000000d6980000, 0x0000000100000000)
  eden space 14336K, 100% used [0x00000000d5580000,0x00000000d6380000,0x00000000d6380000)
  from space 1536K, 98% used [0x00000000d6380000,0x00000000d64fbb60,0x00000000d6500000)
  to   space 3072K, 0% used [0x00000000d6680000,0x00000000d6680000,0x00000000d6980000)
 ParOldGen       total 100352K, used 100012K [0x0000000080000000, 0x0000000086200000, 0x00000000d5580000)
  object space 100352K, 99% used [0x0000000080000000,0x00000000861ab2f0,0x0000000086200000)
 Metaspace       used 68172K, committed 69760K, reserved 1114112K
  class space    used 7124K, committed 7808K, reserved 1048576K
}
Event: 316.303 GC heap after
{Heap after GC invocations=123 (full 3):
 PSYoungGen      total 16384K, used 1604K [0x00000000d5580000, 0x00000000d6880000, 0x0000000100000000)
  eden space 14336K, 0% used [0x00000000d5580000,0x00000000d5580000,0x00000000d6380000)
  from space 2048K, 78% used [0x00000000d6680000,0x00000000d6811210,0x00000000d6880000)
  to   space 2048K, 0% used [0x00000000d6480000,0x00000000d6480000,0x00000000d6680000)
 ParOldGen       total 101888K, used 101499K [0x0000000080000000, 0x0000000086380000, 0x00000000d5580000)
  object space 101888K, 99% used [0x0000000080000000,0x000000008631eca0,0x0000000086380000)
 Metaspace       used 68172K, committed 69760K, reserved 1114112K
  class space    used 7124K, committed 7808K, reserved 1048576K
}

