# JRE version: OpenJDK Runtime Environment Temurin-21.0.10+7 (21.0.10+7) (build 21.0.10+7-LTS)
# Java VM: OpenJDK 64-Bit Server VM Temurin-21.0.10+7 (21.0.10+7-LTS, mixed mode, sharing, tiered, compressed oops, compressed class ptrs, parallel gc, windows-amd64)
GC Precious Log:
 CardTable entry size: 512
 CPUs: 8 total, 8 available
 Memory: 7932M
 Large Page Support: Disabled
 NUMA Support: Disabled
 Compressed Oops: Enabled (32-bit)
 Alignments: Space 512K, Generation 512K, Heap 2M
 Heap Min Capacity: 100M
 Heap Initial Capacity: 100M
 Heap Max Capacity: 2G
 Pre-touch: Disabled
 Parallel Workers: 8
Heap:
 PSYoungGen      total 5632K, used 2940K [0x00000000d5580000, 0x00000000d5d80000, 0x0000000100000000)
  eden space 4096K, 51% used [0x00000000d5580000,0x00000000d578f1e8,0x00000000d5980000)
  from space 1536K, 54% used [0x00000000d5c00000,0x00000000d5cd0000,0x00000000d5d80000)
  to   space 2048K, 0% used [0x00000000d5980000,0x00000000d5980000,0x00000000d5b80000)
 ParOldGen       total 295936K, used 295888K [0x0000000080000000, 0x0000000092100000, 0x00000000d5580000)
  object space 295936K, 99% used [0x0000000080000000,0x00000000920f4188,0x0000000092100000)
 Metaspace       used 85652K, committed 87936K, reserved 1179648K
  class space    used 8602K, committed 9536K, reserved 1048576K
GC Heap History (20 events):
Event: 4341.060 GC heap before
{Heap before GC invocations=1393 (full 5):
 PSYoungGen      total 4608K, used 4556K [0x00000000d5580000, 0x00000000d5e00000, 0x0000000100000000)
  eden space 2048K, 100% used [0x00000000d5580000,0x00000000d5780000,0x00000000d5780000)
  from space 2560K, 97% used [0x00000000d5a80000,0x00000000d5cf3000,0x00000000d5d00000)
  to   space 3072K, 0% used [0x00000000d5780000,0x00000000d5780000,0x00000000d5a80000)
 ParOldGen       total 285696K, used 284560K [0x0000000080000000, 0x0000000091700000, 0x00000000d5580000)
  object space 285696K, 99% used [0x0000000080000000,0x00000000915e4088,0x0000000091700000)
 Metaspace       used 85528K, committed 87936K, reserved 1179648K
  class space    used 8584K, committed 9536K, reserved 1048576K
}
Event: 4341.065 GC heap after
{Heap after GC invocations=1393 (full 5):
 PSYoungGen      total 3072K, used 894K [0x00000000d5580000, 0x00000000d5b00000, 0x0000000100000000)
  eden space 2048K, 0% used [0x00000000d5580000,0x00000000d5580000,0x00000000d5780000)
  from space 1024K, 87% used [0x00000000d5780000,0x00000000d585f8f0,0x00000000d5880000)
  to   space 1536K, 0% used [0x00000000d5980000,0x00000000d5980000,0x00000000d5b00000)
 ParOldGen       total 286208K, used 285890K [0x0000000080000000, 0x0000000091780000, 0x00000000d5580000)
  object space 286208K, 99% used [0x0000000080000000,0x0000000091730898,0x0000000091780000)
 Metaspace       used 85528K, committed 87936K, reserved 1179648K
  class space    used 8584K, committed 9536K, reserved 1048576K
}
Event: 4341.078 GC heap before
{Heap before GC invocations=1394 (full 5):
 PSYoungGen      total 3072K, used 2942K [0x00000000d5580000, 0x00000000d5b00000, 0x0000000100000000)
  eden space 2048K, 100% used [0x00000000d5580000,0x00000000d5780000,0x00000000d5780000)
  from space 1024K, 87% used [0x00000000d5780000,0x00000000d585f8f0,0x00000000d5880000)
  to   space 1536K, 0% used [0x00000000d5980000,0x00000000d5980000,0x00000000d5b00000)
 ParOldGen       total 286208K, used 285890K [0x0000000080000000, 0x0000000091780000, 0x00000000d5580000)
  object space 286208K, 99% used [0x0000000080000000,0x0000000091730898,0x0000000091780000)
 Metaspace       used 85528K, committed 87936K, reserved 1179648K
  class space    used 8584K, committed 9536K, reserved 1048576K
}
Event: 4341.082 GC heap after
{Heap after GC invocations=1394 (full 5):
 PSYoungGen      total 2048K, used 1536K [0x00000000d5580000, 0x00000000d5f00000, 0x0000000100000000)
  eden space 512K, 0% used [0x00000000d5580000,0x00000000d5580000,0x00000000d5600000)
  from space 1536K, 100% used [0x00000000d5980000,0x00000000d5b00000,0x00000000d5b00000)
  to   space 3584K, 0% used [0x00000000d5600000,0x00000000d5600000,0x00000000d5980000)
 ParOldGen       total 287232K, used 287136K [0x0000000080000000, 0x0000000091880000, 0x00000000d5580000)
  object space 287232K, 99% used [0x0000000080000000,0x0000000091868188,0x0000000091880000)
 Metaspace       used 85528K, committed 87936K, reserved 1179648K
  class space    used 8584K, committed 9536K, reserved 1048576K
}
Event: 4341.085 GC heap before
{Heap before GC invocations=1395 (full 5):
 PSYoungGen      total 2048K, used 2048K [0x00000000d5580000, 0x00000000d5f00000, 0x0000000100000000)
  eden space 512K, 100% used [0x00000000d5580000,0x00000000d5600000,0x00000000d5600000)
  from space 1536K, 100% used [0x00000000d5980000,0x00000000d5b00000,0x00000000d5b00000)
  to   space 3584K, 0% used [0x00000000d5600000,0x00000000d5600000,0x00000000d5980000)
 ParOldGen       total 287232K, used 287136K [0x0000000080000000, 0x0000000091880000, 0x00000000d5580000)
  object space 287232K, 99% used [0x0000000080000000,0x0000000091868188,0x0000000091880000)
 Metaspace       used 85528K, committed 87936K, reserved 1179648K
  class space    used 8584K, committed 9536K, reserved 1048576K
}
Event: 4341.089 GC heap after
{Heap after GC invocations=1395 (full 5):
 PSYoungGen      total 1536K, used 576K [0x00000000d5580000, 0x00000000d5a00000, 0x0000000100000000)
  eden space 512K, 0% used [0x00000000d5580000,0x00000000d5580000,0x00000000d5600000)
  from space 1024K, 56% used [0x00000000d5600000,0x00000000d5690000,0x00000000d5700000)
  to   space 1536K, 0% used [0x00000000d5880000,0x00000000d5880000,0x00000000d5a00000)
 ParOldGen       total 288768K, used 288728K [0x0000000080000000, 0x0000000091a00000, 0x00000000d5580000)
  object space 288768K, 99% used [0x0000000080000000,0x00000000919f6188,0x0000000091a00000)
 Metaspace       used 85528K, committed 87936K, reserved 1179648K
  class space    used 8584K, committed 9536K, reserved 1048576K
}
Event: 4341.091 GC heap before
{Heap before GC invocations=1396 (full 5):
 PSYoungGen      total 1536K, used 1088K [0x00000000d5580000, 0x00000000d5a00000, 0x0000000100000000)
  eden space 512K, 100% used [0x00000000d5580000,0x00000000d5600000,0x00000000d5600000)
  from space 1024K, 56% used [0x00000000d5600000,0x00000000d5690000,0x00000000d5700000)
  to   space 1536K, 0% used [0x00000000d5880000,0x00000000d5880000,0x00000000d5a00000)
 ParOldGen       total 288768K, used 288728K [0x0000000080000000, 0x0000000091a00000, 0x00000000d5580000)
  object space 288768K, 99% used [0x0000000080000000,0x00000000919f6188,0x0000000091a00000)
 Metaspace       used 85528K, committed 87936K, reserved 1179648K
  class space    used 8584K, committed 9536K, reserved 1048576K
}
Event: 4341.094 GC heap after
{Heap after GC invocations=1396 (full 5):
 PSYoungGen      total 2048K, used 576K [0x00000000d5580000, 0x00000000d5980000, 0x0000000100000000)
  eden space 1024K, 0% used [0x00000000d5580000,0x00000000d5580000,0x00000000d5680000)
  from space 1024K, 56% used [0x00000000d5880000,0x00000000d5910000,0x00000000d5980000)
  to   space 1024K, 0% used [0x00000000d5780000,0x00000000d5780000,0x00000000d5880000)
 ParOldGen       total 289280K, used 289224K [0x0000000080000000, 0x0000000091a80000, 0x00000000d5580000)
  object space 289280K, 99% used [0x0000000080000000,0x0000000091a72188,0x0000000091a80000)
 Metaspace       used 85528K, committed 87936K, reserved 1179648K
  class space    used 8584K, committed 9536K, reserved 1048576K
}
Event: 4341.098 GC heap before
{Heap before GC invocations=1397 (full 5):
 PSYoungGen      total 2048K, used 1600K [0x00000000d5580000, 0x00000000d5980000, 0x0000000100000000)
  eden space 1024K, 100% used [0x00000000d5580000,0x00000000d5680000,0x00000000d5680000)
  from space 1024K, 56% used [0x00000000d5880000,0x00000000d5910000,0x00000000d5980000)
  to   space 1024K, 0% used [0x00000000d5780000,0x00000000d5780000,0x00000000d5880000)
 ParOldGen       total 289280K, used 289224K [0x0000000080000000, 0x0000000091a80000, 0x00000000d5580000)
  object space 289280K, 99% used [0x0000000080000000,0x0000000091a72188,0x0000000091a80000)
 Metaspace       used 85528K, committed 87936K, reserved 1179648K
  class space    used 8584K, committed 9536K, reserved 1048576K
}
Event: 4341.101 GC heap after
{Heap after GC invocations=1397 (full 5):
 PSYoungGen      total 2560K, used 1024K [0x00000000d5580000, 0x00000000d5b00000, 0x0000000100000000)
  eden space 1536K, 0% used [0x00000000d5580000,0x00000000d5580000,0x00000000d5700000)
  from space 1024K, 100% used [0x00000000d5780000,0x00000000d5880000,0x00000000d5880000)
  to   space 2048K, 0% used [0x00000000d5900000,0x00000000d5900000,0x00000000d5b00000)
 ParOldGen       total 289792K, used 289672K [0x0000000080000000, 0x0000000091b00000, 0x00000000d5580000)
  object space 289792K, 99% used [0x0000000080000000,0x0000000091ae2188,0x0000000091b00000)
 Metaspace       used 85528K, committed 87936K, reserved 1179648K
  class space    used 8584K, committed 9536K, reserved 1048576K
}
Event: 4341.108 GC heap before
{Heap before GC invocations=1398 (full 5):
 PSYoungGen      total 2560K, used 2560K [0x00000000d5580000, 0x00000000d5b00000, 0x0000000100000000)
  eden space 1536K, 100% used [0x00000000d5580000,0x00000000d5700000,0x00000000d5700000)
  from space 1024K, 100% used [0x00000000d5780000,0x00000000d5880000,0x00000000d5880000)
  to   space 2048K, 0% used [0x00000000d5900000,0x00000000d5900000,0x00000000d5b00000)
 ParOldGen       total 289792K, used 289672K [0x0000000080000000, 0x0000000091b00000, 0x00000000d5580000)
  object space 289792K, 99% used [0x0000000080000000,0x0000000091ae2188,0x0000000091b00000)
 Metaspace       used 85528K, committed 87936K, reserved 1179648K
  class space    used 8584K, committed 9536K, reserved 1048576K
}
Event: 4341.113 GC heap after
{Heap after GC invocations=1398 (full 5):
 PSYoungGen      total 3584K, used 1376K [0x00000000d5580000, 0x00000000d5a80000, 0x0000000100000000)
  eden space 2048K, 0% used [0x00000000d5580000,0x00000000d5580000,0x00000000d5780000)
  from space 1536K, 89% used [0x00000000d5900000,0x00000000d5a58000,0x00000000d5a80000)
  to   space 1536K, 0% used [0x00000000d5780000,0x00000000d5780000,0x00000000d5900000)
 ParOldGen       total 290816K, used 290616K [0x0000000080000000, 0x0000000091c00000, 0x00000000d5580000)
  object space 290816K, 99% used [0x0000000080000000,0x0000000091bce188,0x0000000091c00000)
 Metaspace       used 85528K, committed 87936K, reserved 1179648K
  class space    used 8584K, committed 9536K, reserved 1048576K
}
Event: 4341.125 GC heap before
{Heap before GC invocations=1399 (full 5):
 PSYoungGen      total 3584K, used 3424K [0x00000000d5580000, 0x00000000d5a80000, 0x0000000100000000)
  eden space 2048K, 100% used [0x00000000d5580000,0x00000000d5780000,0x00000000d5780000)
  from space 1536K, 89% used [0x00000000d5900000,0x00000000d5a58000,0x00000000d5a80000)
  to   space 1536K, 0% used [0x00000000d5780000,0x00000000d5780000,0x00000000d5900000)
 ParOldGen       total 290816K, used 290616K [0x0000000080000000, 0x0000000091c00000, 0x00000000d5580000)
  object space 290816K, 99% used [0x0000000080000000,0x0000000091bce188,0x0000000091c00000)
 Metaspace       used 85528K, committed 87936K, reserved 1179648K
  class space    used 8584K, committed 9536K, reserved 1048576K
}
Event: 4341.131 GC heap after
{Heap after GC invocations=1399 (full 5):
 PSYoungGen      total 3584K, used 1536K [0x00000000d5580000, 0x00000000d5f00000, 0x0000000100000000)
  eden space 2048K, 0% used [0x00000000d5580000,0x00000000d5580000,0x00000000d5780000)
  from space 1536K, 100% used [0x00000000d5780000,0x00000000d5900000,0x00000000d5900000)
  to   space 3584K, 0% used [0x00000000d5b80000,0x00000000d5b80000,0x00000000d5f00000)
 ParOldGen       total 292352K, used 292096K [0x0000000080000000, 0x0000000091d80000, 0x00000000d5580000)
  object space 292352K, 99% used [0x0000000080000000,0x0000000091d40188,0x0000000091d80000)
 Metaspace       used 85528K, committed 87936K, reserved 1179648K
  class space    used 8584K, committed 9536K, reserved 1048576K
}
Event: 4341.146 GC heap before
{Heap before GC invocations=1400 (full 5):
 PSYoungGen      total 3584K, used 3462K [0x00000000d5580000, 0x00000000d5f00000, 0x0000000100000000)
  eden space 2048K, 94% used [0x00000000d5580000,0x00000000d5761ae0,0x00000000d5780000)
  from space 1536K, 100% used [0x00000000d5780000,0x00000000d5900000,0x00000000d5900000)
  to   space 3584K, 0% used [0x00000000d5b80000,0x00000000d5b80000,0x00000000d5f00000)
 ParOldGen       total 292352K, used 292096K [0x0000000080000000, 0x0000000091d80000, 0x00000000d5580000)
  object space 292352K, 99% used [0x0000000080000000,0x0000000091d40188,0x0000000091d80000)
 Metaspace       used 85528K, committed 87936K, reserved 1179648K
  class space    used 8584K, committed 9536K, reserved 1048576K
}
Event: 4341.150 GC heap after
{Heap after GC invocations=1400 (full 5):
 PSYoungGen      total 4096K, used 1440K [0x00000000d5580000, 0x00000000d5d00000, 0x0000000100000000)
  eden space 2560K, 0% used [0x00000000d5580000,0x00000000d5580000,0x00000000d5800000)
  from space 1536K, 93% used [0x00000000d5b80000,0x00000000d5ce8000,0x00000000d5d00000)
  to   space 2048K, 0% used [0x00000000d5900000,0x00000000d5900000,0x00000000d5b00000)
 ParOldGen       total 293888K, used 293648K [0x0000000080000000, 0x0000000091f00000, 0x00000000d5580000)
  object space 293888K, 99% used [0x0000000080000000,0x0000000091ec4188,0x0000000091f00000)
 Metaspace       used 85528K, committed 87936K, reserved 1179648K
  class space    used 8584K, committed 9536K, reserved 1048576K
}
Event: 4341.175 GC heap before
{Heap before GC invocations=1401 (full 5):
 PSYoungGen      total 4096K, used 4000K [0x00000000d5580000, 0x00000000d5d00000, 0x0000000100000000)
  eden space 2560K, 100% used [0x00000000d5580000,0x00000000d5800000,0x00000000d5800000)
  from space 1536K, 93% used [0x00000000d5b80000,0x00000000d5ce8000,0x00000000d5d00000)
  to   space 2048K, 0% used [0x00000000d5900000,0x00000000d5900000,0x00000000d5b00000)
 ParOldGen       total 293888K, used 293648K [0x0000000080000000, 0x0000000091f00000, 0x00000000d5580000)
  object space 293888K, 99% used [0x0000000080000000,0x0000000091ec4188,0x0000000091f00000)
 Metaspace       used 85529K, committed 87936K, reserved 1179648K
  class space    used 8584K, committed 9536K, reserved 1048576K
}
Event: 4341.179 GC heap after
{Heap after GC invocations=1401 (full 5):
 PSYoungGen      total 5120K, used 2048K [0x00000000d5580000, 0x00000000d5f80000, 0x0000000100000000)
  eden space 3072K, 0% used [0x00000000d5580000,0x00000000d5580000,0x00000000d5880000)
  from space 2048K, 100% used [0x00000000d5900000,0x00000000d5b00000,0x00000000d5b00000)
  to   space 3584K, 0% used [0x00000000d5c00000,0x00000000d5c00000,0x00000000d5f80000)
 ParOldGen       total 294912K, used 294736K [0x0000000080000000, 0x0000000092000000, 0x00000000d5580000)
  object space 294912K, 99% used [0x0000000080000000,0x0000000091fd4188,0x0000000092000000)
 Metaspace       used 85529K, committed 87936K, reserved 1179648K
  class space    used 8584K, committed 9536K, reserved 1048576K
}
Event: 4379.726 GC heap before
{Heap before GC invocations=1402 (full 5):
 PSYoungGen      total 5120K, used 5120K [0x00000000d5580000, 0x00000000d5f80000, 0x0000000100000000)
  eden space 3072K, 100% used [0x00000000d5580000,0x00000000d5880000,0x00000000d5880000)
  from space 2048K, 100% used [0x00000000d5900000,0x00000000d5b00000,0x00000000d5b00000)
  to   space 3584K, 0% used [0x00000000d5c00000,0x00000000d5c00000,0x00000000d5f80000)
 ParOldGen       total 294912K, used 294736K [0x0000000080000000, 0x0000000092000000, 0x00000000d5580000)
  object space 294912K, 99% used [0x0000000080000000,0x0000000091fd4188,0x0000000092000000)
 Metaspace       used 85636K, committed 87936K, reserved 1179648K
  class space    used 8599K, committed 9536K, reserved 1048576K
}
Event: 4379.736 GC heap after
{Heap after GC invocations=1402 (full 5):
 PSYoungGen      total 5632K, used 832K [0x00000000d5580000, 0x00000000d5d80000, 0x0000000100000000)
  eden space 4096K, 0% used [0x00000000d5580000,0x00000000d5580000,0x00000000d5980000)
  from space 1536K, 54% used [0x00000000d5c00000,0x00000000d5cd0000,0x00000000d5d80000)
  to   space 2048K, 0% used [0x00000000d5980000,0x00000000d5980000,0x00000000d5b80000)
 ParOldGen       total 295936K, used 295888K [0x0000000080000000, 0x0000000092100000, 0x00000000d5580000)
  object space 295936K, 99% used [0x0000000080000000,0x00000000920f4188,0x0000000092100000)
 Metaspace       used 85636K, committed 87936K, reserved 1179648K
  class space    used 8599K, committed 9536K, reserved 1048576K
}

