# JRE version: OpenJDK Runtime Environment Temurin-21.0.10+7 (21.0.10+7) (build 21.0.10+7-LTS)
# Java VM: OpenJDK 64-Bit Server VM Temurin-21.0.10+7 (21.0.10+7-LTS, mixed mode, sharing, tiered, compressed oops, compressed class ptrs, parallel gc, windows-amd64)
GC Precious Log:
 CardTable entry size: 512
 CPUs: 8 total, 8 available
 Memory: 7932M
 Large Page Support: Disabled
 NUMA Support: Disabled
 Compressed Oops: Enabled (32-bit)
 Alignments: Space 512K, Generation 512K, Heap 2M
 Heap Min Capacity: 100M
 Heap Initial Capacity: 100M
 Heap Max Capacity: 2G
 Pre-touch: Disabled
 Parallel Workers: 8
Heap:
 PSYoungGen      total 12288K, used 8946K [0x00000000d5580000, 0x00000000d6400000, 0x0000000100000000)
  eden space 11264K, 71% used [0x00000000d5580000,0x00000000d5d5b9d0,0x00000000d6080000)
  from space 1024K, 87% used [0x00000000d6300000,0x00000000d63e1210,0x00000000d6400000)
  to   space 1536K, 0% used [0x00000000d6100000,0x00000000d6100000,0x00000000d6280000)
 ParOldGen       total 110080K, used 109760K [0x0000000080000000, 0x0000000086b80000, 0x00000000d5580000)
  object space 110080K, 99% used [0x0000000080000000,0x0000000086b303e0,0x0000000086b80000)
 Metaspace       used 67990K, committed 69568K, reserved 1114112K
  class space    used 7062K, committed 7744K, reserved 1048576K
GC Heap History (20 events):
Event: 35.440 GC heap before
{Heap before GC invocations=140 (full 3):
 PSYoungGen      total 19456K, used 19008K [0x00000000d5580000, 0x00000000d6b00000, 0x0000000100000000)
  eden space 16896K, 100% used [0x00000000d5580000,0x00000000d6600000,0x00000000d6600000)
  from space 2560K, 82% used [0x00000000d6880000,0x00000000d6a90298,0x00000000d6b00000)
  to   space 2560K, 0% used [0x00000000d6600000,0x00000000d6600000,0x00000000d6880000)
 ParOldGen       total 92672K, used 92400K [0x0000000080000000, 0x0000000085a80000, 0x00000000d5580000)
  object space 92672K, 99% used [0x0000000080000000,0x0000000085a3c230,0x0000000085a80000)
 Metaspace       used 63670K, committed 65152K, reserved 1114112K
  class space    used 6733K, committed 7360K, reserved 1048576K
}
Event: 35.455 GC heap after
{Heap after GC invocations=140 (full 3):
 PSYoungGen      total 19456K, used 2115K [0x00000000d5580000, 0x00000000d6b00000, 0x0000000100000000)
  eden space 16896K, 0% used [0x00000000d5580000,0x00000000d5580000,0x00000000d6600000)
  from space 2560K, 82% used [0x00000000d6600000,0x00000000d6810c90,0x00000000d6880000)
  to   space 2560K, 0% used [0x00000000d6880000,0x00000000d6880000,0x00000000d6b00000)
 ParOldGen       total 94720K, used 94362K [0x0000000080000000, 0x0000000085c80000, 0x00000000d5580000)
  object space 94720K, 99% used [0x0000000080000000,0x0000000085c26918,0x0000000085c80000)
 Metaspace       used 63670K, committed 65152K, reserved 1114112K
  class space    used 6733K, committed 7360K, reserved 1048576K
}
Event: 36.121 GC heap before
{Heap before GC invocations=141 (full 3):
 PSYoungGen      total 19456K, used 19000K [0x00000000d5580000, 0x00000000d6b00000, 0x0000000100000000)
  eden space 16896K, 99% used [0x00000000d5580000,0x00000000d65fd5b0,0x00000000d6600000)
  from space 2560K, 82% used [0x00000000d6600000,0x00000000d6810c90,0x00000000d6880000)
  to   space 2560K, 0% used [0x00000000d6880000,0x00000000d6880000,0x00000000d6b00000)
 ParOldGen       total 94720K, used 94362K [0x0000000080000000, 0x0000000085c80000, 0x00000000d5580000)
  object space 94720K, 99% used [0x0000000080000000,0x0000000085c26918,0x0000000085c80000)
 Metaspace       used 65005K, committed 66496K, reserved 1114112K
  class space    used 6863K, committed 7488K, reserved 1048576K
}
Event: 36.129 GC heap after
{Heap after GC invocations=141 (full 3):
 PSYoungGen      total 16384K, used 2536K [0x00000000d5580000, 0x00000000d7100000, 0x0000000100000000)
  eden space 13824K, 0% used [0x00000000d5580000,0x00000000d5580000,0x00000000d6300000)
  from space 2560K, 99% used [0x00000000d6880000,0x00000000d6afa1a0,0x00000000d6b00000)
  to   space 5632K, 0% used [0x00000000d6300000,0x00000000d6300000,0x00000000d6880000)
 ParOldGen       total 96768K, used 96666K [0x0000000080000000, 0x0000000085e80000, 0x00000000d5580000)
  object space 96768K, 99% used [0x0000000080000000,0x0000000085e66a40,0x0000000085e80000)
 Metaspace       used 65005K, committed 66496K, reserved 1114112K
  class space    used 6863K, committed 7488K, reserved 1048576K
}
Event: 36.546 GC heap before
{Heap before GC invocations=142 (full 3):
 PSYoungGen      total 16384K, used 16360K [0x00000000d5580000, 0x00000000d7100000, 0x0000000100000000)
  eden space 13824K, 100% used [0x00000000d5580000,0x00000000d6300000,0x00000000d6300000)
  from space 2560K, 99% used [0x00000000d6880000,0x00000000d6afa1a0,0x00000000d6b00000)
  to   space 5632K, 0% used [0x00000000d6300000,0x00000000d6300000,0x00000000d6880000)
 ParOldGen       total 96768K, used 96666K [0x0000000080000000, 0x0000000085e80000, 0x00000000d5580000)
  object space 96768K, 99% used [0x0000000080000000,0x0000000085e66a40,0x0000000085e80000)
 Metaspace       used 65801K, committed 67264K, reserved 1114112K
  class space    used 6923K, committed 7552K, reserved 1048576K
}
Event: 36.558 GC heap after
{Heap after GC invocations=142 (full 3):
 PSYoungGen      total 15872K, used 1575K [0x00000000d5580000, 0x00000000d6900000, 0x0000000100000000)
  eden space 13824K, 0% used [0x00000000d5580000,0x00000000d5580000,0x00000000d6300000)
  from space 2048K, 76% used [0x00000000d6300000,0x00000000d6489f60,0x00000000d6500000)
  to   space 3072K, 0% used [0x00000000d6600000,0x00000000d6600000,0x00000000d6900000)
 ParOldGen       total 99328K, used 99099K [0x0000000080000000, 0x0000000086100000, 0x00000000d5580000)
  object space 99328K, 99% used [0x0000000080000000,0x00000000860c6f38,0x0000000086100000)
 Metaspace       used 65801K, committed 67264K, reserved 1114112K
  class space    used 6923K, committed 7552K, reserved 1048576K
}
Event: 36.856 GC heap before
{Heap before GC invocations=143 (full 3):
 PSYoungGen      total 15872K, used 15399K [0x00000000d5580000, 0x00000000d6900000, 0x0000000100000000)
  eden space 13824K, 100% used [0x00000000d5580000,0x00000000d6300000,0x00000000d6300000)
  from space 2048K, 76% used [0x00000000d6300000,0x00000000d6489f60,0x00000000d6500000)
  to   space 3072K, 0% used [0x00000000d6600000,0x00000000d6600000,0x00000000d6900000)
 ParOldGen       total 99328K, used 99099K [0x0000000080000000, 0x0000000086100000, 0x00000000d5580000)
  object space 99328K, 99% used [0x0000000080000000,0x00000000860c6f38,0x0000000086100000)
 Metaspace       used 66213K, committed 67712K, reserved 1114112K
  class space    used 6950K, committed 7616K, reserved 1048576K
}
Event: 36.866 GC heap after
{Heap after GC invocations=143 (full 3):
 PSYoungGen      total 16896K, used 2624K [0x00000000d5580000, 0x00000000d6900000, 0x0000000100000000)
  eden space 13824K, 0% used [0x00000000d5580000,0x00000000d5580000,0x00000000d6300000)
  from space 3072K, 85% used [0x00000000d6600000,0x00000000d6890200,0x00000000d6900000)
  to   space 3072K, 0% used [0x00000000d6300000,0x00000000d6300000,0x00000000d6600000)
 ParOldGen       total 100352K, used 100285K [0x0000000080000000, 0x0000000086200000, 0x00000000d5580000)
  object space 100352K, 99% used [0x0000000080000000,0x00000000861ef460,0x0000000086200000)
 Metaspace       used 66213K, committed 67712K, reserved 1114112K
  class space    used 6950K, committed 7616K, reserved 1048576K
}
Event: 37.332 GC heap before
{Heap before GC invocations=144 (full 3):
 PSYoungGen      total 16896K, used 16448K [0x00000000d5580000, 0x00000000d6900000, 0x0000000100000000)
  eden space 13824K, 100% used [0x00000000d5580000,0x00000000d6300000,0x00000000d6300000)
  from space 3072K, 85% used [0x00000000d6600000,0x00000000d6890200,0x00000000d6900000)
  to   space 3072K, 0% used [0x00000000d6300000,0x00000000d6300000,0x00000000d6600000)
 ParOldGen       total 100352K, used 100285K [0x0000000080000000, 0x0000000086200000, 0x00000000d5580000)
  object space 100352K, 99% used [0x0000000080000000,0x00000000861ef460,0x0000000086200000)
 Metaspace       used 66773K, committed 68288K, reserved 1114112K
  class space    used 6993K, committed 7680K, reserved 1048576K
}
Event: 37.342 GC heap after
{Heap after GC invocations=144 (full 3):
 PSYoungGen      total 15872K, used 1785K [0x00000000d5580000, 0x00000000d6800000, 0x0000000100000000)
  eden space 13824K, 0% used [0x00000000d5580000,0x00000000d5580000,0x00000000d6300000)
  from space 2048K, 87% used [0x00000000d6300000,0x00000000d64be410,0x00000000d6500000)
  to   space 2560K, 0% used [0x00000000d6580000,0x00000000d6580000,0x00000000d6800000)
 ParOldGen       total 102400K, used 102180K [0x0000000080000000, 0x0000000086400000, 0x00000000d5580000)
  object space 102400K, 99% used [0x0000000080000000,0x00000000863c90e0,0x0000000086400000)
 Metaspace       used 66773K, committed 68288K, reserved 1114112K
  class space    used 6993K, committed 7680K, reserved 1048576K
}
Event: 37.636 GC heap before
{Heap before GC invocations=145 (full 3):
 PSYoungGen      total 15872K, used 15609K [0x00000000d5580000, 0x00000000d6800000, 0x0000000100000000)
  eden space 13824K, 100% used [0x00000000d5580000,0x00000000d6300000,0x00000000d6300000)
  from space 2048K, 87% used [0x00000000d6300000,0x00000000d64be410,0x00000000d6500000)
  to   space 2560K, 0% used [0x00000000d6580000,0x00000000d6580000,0x00000000d6800000)
 ParOldGen       total 102400K, used 102180K [0x0000000080000000, 0x0000000086400000, 0x00000000d5580000)
  object space 102400K, 99% used [0x0000000080000000,0x00000000863c90e0,0x0000000086400000)
 Metaspace       used 66985K, committed 68480K, reserved 1114112K
  class space    used 7002K, committed 7680K, reserved 1048576K
}
Event: 37.644 GC heap after
{Heap after GC invocations=145 (full 3):
 PSYoungGen      total 16384K, used 2329K [0x00000000d5580000, 0x00000000d6800000, 0x0000000100000000)
  eden space 13824K, 0% used [0x00000000d5580000,0x00000000d5580000,0x00000000d6300000)
  from space 2560K, 90% used [0x00000000d6580000,0x00000000d67c6450,0x00000000d6800000)
  to   space 2560K, 0% used [0x00000000d6300000,0x00000000d6300000,0x00000000d6580000)
 ParOldGen       total 103936K, used 103796K [0x0000000080000000, 0x0000000086580000, 0x00000000d5580000)
  object space 103936K, 99% used [0x0000000080000000,0x000000008655d180,0x0000000086580000)
 Metaspace       used 66985K, committed 68480K, reserved 1114112K
  class space    used 7002K, committed 7680K, reserved 1048576K
}
Event: 37.859 GC heap before
{Heap before GC invocations=146 (full 3):
 PSYoungGen      total 16384K, used 16153K [0x00000000d5580000, 0x00000000d6800000, 0x0000000100000000)
  eden space 13824K, 100% used [0x00000000d5580000,0x00000000d6300000,0x00000000d6300000)
  from space 2560K, 90% used [0x00000000d6580000,0x00000000d67c6450,0x00000000d6800000)
  to   space 2560K, 0% used [0x00000000d6300000,0x00000000d6300000,0x00000000d6580000)
 ParOldGen       total 103936K, used 103796K [0x0000000080000000, 0x0000000086580000, 0x00000000d5580000)
  object space 103936K, 99% used [0x0000000080000000,0x000000008655d180,0x0000000086580000)
 Metaspace       used 67045K, committed 68544K, reserved 1114112K
  class space    used 7008K, committed 7680K, reserved 1048576K
}
Event: 37.867 GC heap after
{Heap after GC invocations=146 (full 3):
 PSYoungGen      total 15872K, used 1732K [0x00000000d5580000, 0x00000000d6700000, 0x0000000100000000)
  eden space 13824K, 0% used [0x00000000d5580000,0x00000000d5580000,0x00000000d6300000)
  from space 2048K, 84% used [0x00000000d6300000,0x00000000d64b11b0,0x00000000d6500000)
  to   space 2048K, 0% used [0x00000000d6500000,0x00000000d6500000,0x00000000d6700000)
 ParOldGen       total 105984K, used 105926K [0x0000000080000000, 0x0000000086780000, 0x00000000d5580000)
  object space 105984K, 99% used [0x0000000080000000,0x0000000086771a30,0x0000000086780000)
 Metaspace       used 67045K, committed 68544K, reserved 1114112K
  class space    used 7008K, committed 7680K, reserved 1048576K
}
Event: 38.069 GC heap before
{Heap before GC invocations=147 (full 3):
 PSYoungGen      total 15872K, used 15556K [0x00000000d5580000, 0x00000000d6700000, 0x0000000100000000)
  eden space 13824K, 100% used [0x00000000d5580000,0x00000000d6300000,0x00000000d6300000)
  from space 2048K, 84% used [0x00000000d6300000,0x00000000d64b11b0,0x00000000d6500000)
  to   space 2048K, 0% used [0x00000000d6500000,0x00000000d6500000,0x00000000d6700000)
 ParOldGen       total 105984K, used 105926K [0x0000000080000000, 0x0000000086780000, 0x00000000d5580000)
  object space 105984K, 99% used [0x0000000080000000,0x0000000086771a30,0x0000000086780000)
 Metaspace       used 67287K, committed 68736K, reserved 1114112K
  class space    used 7041K, committed 7680K, reserved 1048576K
}
Event: 38.083 GC heap after
{Heap after GC invocations=147 (full 3):
 PSYoungGen      total 13312K, used 2023K [0x00000000d5580000, 0x00000000d6c00000, 0x0000000100000000)
  eden space 11264K, 0% used [0x00000000d5580000,0x00000000d5580000,0x00000000d6080000)
  from space 2048K, 98% used [0x00000000d6500000,0x00000000d66f9de8,0x00000000d6700000)
  to   space 4608K, 0% used [0x00000000d6080000,0x00000000d6080000,0x00000000d6500000)
 ParOldGen       total 108032K, used 108005K [0x0000000080000000, 0x0000000086980000, 0x00000000d5580000)
  object space 108032K, 99% used [0x0000000080000000,0x0000000086979430,0x0000000086980000)
 Metaspace       used 67287K, committed 68736K, reserved 1114112K
  class space    used 7041K, committed 7680K, reserved 1048576K
}
Event: 38.286 GC heap before
{Heap before GC invocations=148 (full 3):
 PSYoungGen      total 13312K, used 13287K [0x00000000d5580000, 0x00000000d6c00000, 0x0000000100000000)
  eden space 11264K, 100% used [0x00000000d5580000,0x00000000d6080000,0x00000000d6080000)
  from space 2048K, 98% used [0x00000000d6500000,0x00000000d66f9de8,0x00000000d6700000)
  to   space 4608K, 0% used [0x00000000d6080000,0x00000000d6080000,0x00000000d6500000)
 ParOldGen       total 108032K, used 108005K [0x0000000080000000, 0x0000000086980000, 0x00000000d5580000)
  object space 108032K, 99% used [0x0000000080000000,0x0000000086979430,0x0000000086980000)
 Metaspace       used 67473K, committed 68992K, reserved 1114112K
  class space    used 7048K, committed 7744K, reserved 1048576K
}
Event: 38.290 GC heap after
{Heap after GC invocations=148 (full 3):
 PSYoungGen      total 12800K, used 1204K [0x00000000d5580000, 0x00000000d6580000, 0x0000000100000000)
  eden space 11264K, 0% used [0x00000000d5580000,0x00000000d5580000,0x00000000d6080000)
  from space 1536K, 78% used [0x00000000d6080000,0x00000000d61ad220,0x00000000d6200000)
  to   space 2560K, 0% used [0x00000000d6300000,0x00000000d6300000,0x00000000d6580000)
 ParOldGen       total 109056K, used 108719K [0x0000000080000000, 0x0000000086a80000, 0x00000000d5580000)
  object space 109056K, 99% used [0x0000000080000000,0x0000000086a2bf10,0x0000000086a80000)
 Metaspace       used 67473K, committed 68992K, reserved 1114112K
  class space    used 7048K, committed 7744K, reserved 1048576K
}
Event: 38.683 GC heap before
{Heap before GC invocations=149 (full 3):
 PSYoungGen      total 12800K, used 12468K [0x00000000d5580000, 0x00000000d6580000, 0x0000000100000000)
  eden space 11264K, 100% used [0x00000000d5580000,0x00000000d6080000,0x00000000d6080000)
  from space 1536K, 78% used [0x00000000d6080000,0x00000000d61ad220,0x00000000d6200000)
  to   space 2560K, 0% used [0x00000000d6300000,0x00000000d6300000,0x00000000d6580000)
 ParOldGen       total 109056K, used 108719K [0x0000000080000000, 0x0000000086a80000, 0x00000000d5580000)
  object space 109056K, 99% used [0x0000000080000000,0x0000000086a2bf10,0x0000000086a80000)
 Metaspace       used 67741K, committed 69312K, reserved 1114112K
  class space    used 7048K, committed 7744K, reserved 1048576K
}
Event: 38.688 GC heap after
{Heap after GC invocations=149 (full 3):
 PSYoungGen      total 12288K, used 900K [0x00000000d5580000, 0x00000000d6400000, 0x0000000100000000)
  eden space 11264K, 0% used [0x00000000d5580000,0x00000000d5580000,0x00000000d6080000)
  from space 1024K, 87% used [0x00000000d6300000,0x00000000d63e1210,0x00000000d6400000)
  to   space 1536K, 0% used [0x00000000d6100000,0x00000000d6100000,0x00000000d6280000)
 ParOldGen       total 110080K, used 109760K [0x0000000080000000, 0x0000000086b80000, 0x00000000d5580000)
  object space 110080K, 99% used [0x0000000080000000,0x0000000086b303e0,0x0000000086b80000)
 Metaspace       used 67741K, committed 69312K, reserved 1114112K
  class space    used 7048K, committed 7744K, reserved 1048576K
}

