# JRE version: OpenJDK Runtime Environment Temurin-21.0.10+7 (21.0.10+7) (build 21.0.10+7-LTS)
# Java VM: OpenJDK 64-Bit Server VM Temurin-21.0.10+7 (21.0.10+7-LTS, mixed mode, sharing, tiered, compressed oops, compressed class ptrs, parallel gc, windows-amd64)
GC Precious Log:
 CardTable entry size: 512
 CPUs: 8 total, 8 available
 Memory: 7932M
 Large Page Support: Disabled
 NUMA Support: Disabled
 Compressed Oops: Enabled (32-bit)
 Alignments: Space 512K, Generation 512K, Heap 2M
 Heap Min Capacity: 100M
 Heap Initial Capacity: 100M
 Heap Max Capacity: 2G
 Pre-touch: Disabled
 Parallel Workers: 8
Heap:
 PSYoungGen      total 13312K, used 11826K [0x00000000d5580000, 0x00000000d6400000, 0x0000000100000000)
  eden space 12800K, 90% used [0x00000000d5580000,0x00000000d60d4b00,0x00000000d6200000)
  from space 512K, 43% used [0x00000000d6380000,0x00000000d63b8000,0x00000000d6400000)
  to   space 512K, 0% used [0x00000000d6300000,0x00000000d6300000,0x00000000d6380000)
 ParOldGen       total 105472K, used 105463K [0x0000000080000000, 0x0000000086700000, 0x00000000d5580000)
  object space 105472K, 99% used [0x0000000080000000,0x00000000866fdcd8,0x0000000086700000)
 Metaspace       used 76064K, committed 77760K, reserved 1179648K
  class space    used 7867K, committed 8576K, reserved 1048576K
GC Heap History (20 events):
Event: 5821.789 GC heap before
{Heap before GC invocations=120 (full 3):
 PSYoungGen      total 13312K, used 13024K [0x00000000d5580000, 0x00000000d6480000, 0x0000000100000000)
  eden space 12800K, 100% used [0x00000000d5580000,0x00000000d6200000,0x00000000d6200000)
  from space 512K, 43% used [0x00000000d6400000,0x00000000d6438000,0x00000000d6480000)
  to   space 512K, 0% used [0x00000000d6300000,0x00000000d6300000,0x00000000d6380000)
 ParOldGen       total 102400K, used 102251K [0x0000000080000000, 0x0000000086400000, 0x00000000d5580000)
  object space 102400K, 99% used [0x0000000080000000,0x00000000863dac70,0x0000000086400000)
 Metaspace       used 74567K, committed 76096K, reserved 1179648K
  class space    used 7763K, committed 8384K, reserved 1048576K
}
Event: 5821.796 GC heap after
{Heap after GC invocations=120 (full 3):
 PSYoungGen      total 13312K, used 224K [0x00000000d5580000, 0x00000000d6480000, 0x0000000100000000)
  eden space 12800K, 0% used [0x00000000d5580000,0x00000000d5580000,0x00000000d6200000)
  from space 512K, 43% used [0x00000000d6300000,0x00000000d6338000,0x00000000d6380000)
  to   space 512K, 0% used [0x00000000d6400000,0x00000000d6400000,0x00000000d6480000)
 ParOldGen       total 102400K, used 102347K [0x0000000080000000, 0x0000000086400000, 0x00000000d5580000)
  object space 102400K, 99% used [0x0000000080000000,0x00000000863f2c70,0x0000000086400000)
 Metaspace       used 74567K, committed 76096K, reserved 1179648K
  class space    used 7763K, committed 8384K, reserved 1048576K
}
Event: 5944.689 GC heap before
{Heap before GC invocations=121 (full 3):
 PSYoungGen      total 13312K, used 13024K [0x00000000d5580000, 0x00000000d6480000, 0x0000000100000000)
  eden space 12800K, 100% used [0x00000000d5580000,0x00000000d6200000,0x00000000d6200000)
  from space 512K, 43% used [0x00000000d6300000,0x00000000d6338000,0x00000000d6380000)
  to   space 512K, 0% used [0x00000000d6400000,0x00000000d6400000,0x00000000d6480000)
 ParOldGen       total 102400K, used 102347K [0x0000000080000000, 0x0000000086400000, 0x00000000d5580000)
  object space 102400K, 99% used [0x0000000080000000,0x00000000863f2c70,0x0000000086400000)
 Metaspace       used 74661K, committed 76352K, reserved 1179648K
  class space    used 7766K, committed 8512K, reserved 1048576K
}
Event: 5944.692 GC heap after
{Heap after GC invocations=121 (full 3):
 PSYoungGen      total 13312K, used 480K [0x00000000d5580000, 0x00000000d6480000, 0x0000000100000000)
  eden space 12800K, 0% used [0x00000000d5580000,0x00000000d5580000,0x00000000d6200000)
  from space 512K, 93% used [0x00000000d6400000,0x00000000d6478000,0x00000000d6480000)
  to   space 1024K, 0% used [0x00000000d6280000,0x00000000d6280000,0x00000000d6380000)
 ParOldGen       total 102912K, used 102411K [0x0000000080000000, 0x0000000086480000, 0x00000000d5580000)
  object space 102912K, 99% used [0x0000000080000000,0x0000000086402c70,0x0000000086480000)
 Metaspace       used 74661K, committed 76352K, reserved 1179648K
  class space    used 7766K, committed 8512K, reserved 1048576K
}
Event: 5990.966 GC heap before
{Heap before GC invocations=122 (full 3):
 PSYoungGen      total 13312K, used 13280K [0x00000000d5580000, 0x00000000d6480000, 0x0000000100000000)
  eden space 12800K, 100% used [0x00000000d5580000,0x00000000d6200000,0x00000000d6200000)
  from space 512K, 93% used [0x00000000d6400000,0x00000000d6478000,0x00000000d6480000)
  to   space 1024K, 0% used [0x00000000d6280000,0x00000000d6280000,0x00000000d6380000)
 ParOldGen       total 102912K, used 102411K [0x0000000080000000, 0x0000000086480000, 0x00000000d5580000)
  object space 102912K, 99% used [0x0000000080000000,0x0000000086402c70,0x0000000086480000)
 Metaspace       used 74687K, committed 76352K, reserved 1179648K
  class space    used 7766K, committed 8512K, reserved 1048576K
}
Event: 5990.970 GC heap after
{Heap after GC invocations=122 (full 3):
 PSYoungGen      total 13824K, used 352K [0x00000000d5580000, 0x00000000d6480000, 0x0000000100000000)
  eden space 12800K, 0% used [0x00000000d5580000,0x00000000d5580000,0x00000000d6200000)
  from space 1024K, 34% used [0x00000000d6280000,0x00000000d62d8000,0x00000000d6380000)
  to   space 512K, 0% used [0x00000000d6400000,0x00000000d6400000,0x00000000d6480000)
 ParOldGen       total 102912K, used 102755K [0x0000000080000000, 0x0000000086480000, 0x00000000d5580000)
  object space 102912K, 99% used [0x0000000080000000,0x0000000086458c70,0x0000000086480000)
 Metaspace       used 74687K, committed 76352K, reserved 1179648K
  class space    used 7766K, committed 8512K, reserved 1048576K
}
Event: 6098.235 GC heap before
{Heap before GC invocations=123 (full 3):
 PSYoungGen      total 13824K, used 13152K [0x00000000d5580000, 0x00000000d6480000, 0x0000000100000000)
  eden space 12800K, 100% used [0x00000000d5580000,0x00000000d6200000,0x00000000d6200000)
  from space 1024K, 34% used [0x00000000d6280000,0x00000000d62d8000,0x00000000d6380000)
  to   space 512K, 0% used [0x00000000d6400000,0x00000000d6400000,0x00000000d6480000)
 ParOldGen       total 102912K, used 102755K [0x0000000080000000, 0x0000000086480000, 0x00000000d5580000)
  object space 102912K, 99% used [0x0000000080000000,0x0000000086458c70,0x0000000086480000)
 Metaspace       used 74725K, committed 76416K, reserved 1179648K
  class space    used 7766K, committed 8512K, reserved 1048576K
}
Event: 6098.239 GC heap after
{Heap after GC invocations=123 (full 3):
 PSYoungGen      total 13312K, used 496K [0x00000000d5580000, 0x00000000d6480000, 0x0000000100000000)
  eden space 12800K, 0% used [0x00000000d5580000,0x00000000d5580000,0x00000000d6200000)
  from space 512K, 96% used [0x00000000d6400000,0x00000000d647c010,0x00000000d6480000)
  to   space 1024K, 0% used [0x00000000d6280000,0x00000000d6280000,0x00000000d6380000)
 ParOldGen       total 103424K, used 102923K [0x0000000080000000, 0x0000000086500000, 0x00000000d5580000)
  object space 103424K, 99% used [0x0000000080000000,0x0000000086482c70,0x0000000086500000)
 Metaspace       used 74725K, committed 76416K, reserved 1179648K
  class space    used 7766K, committed 8512K, reserved 1048576K
}
Event: 6112.601 GC heap before
{Heap before GC invocations=124 (full 3):
 PSYoungGen      total 13312K, used 13292K [0x00000000d5580000, 0x00000000d6480000, 0x0000000100000000)
  eden space 12800K, 99% used [0x00000000d5580000,0x00000000d61ff1d8,0x00000000d6200000)
  from space 512K, 96% used [0x00000000d6400000,0x00000000d647c010,0x00000000d6480000)
  to   space 1024K, 0% used [0x00000000d6280000,0x00000000d6280000,0x00000000d6380000)
 ParOldGen       total 103424K, used 102923K [0x0000000080000000, 0x0000000086500000, 0x00000000d5580000)
  object space 103424K, 99% used [0x0000000080000000,0x0000000086482c70,0x0000000086500000)
 Metaspace       used 74747K, committed 76416K, reserved 1179648K
  class space    used 7767K, committed 8512K, reserved 1048576K
}
Event: 6112.610 GC heap after
{Heap after GC invocations=124 (full 3):
 PSYoungGen      total 13824K, used 288K [0x00000000d5580000, 0x00000000d6480000, 0x0000000100000000)
  eden space 12800K, 0% used [0x00000000d5580000,0x00000000d5580000,0x00000000d6200000)
  from space 1024K, 28% used [0x00000000d6280000,0x00000000d62c8000,0x00000000d6380000)
  to   space 512K, 0% used [0x00000000d6400000,0x00000000d6400000,0x00000000d6480000)
 ParOldGen       total 103424K, used 103115K [0x0000000080000000, 0x0000000086500000, 0x00000000d5580000)
  object space 103424K, 99% used [0x0000000080000000,0x00000000864b2c70,0x0000000086500000)
 Metaspace       used 74747K, committed 76416K, reserved 1179648K
  class space    used 7767K, committed 8512K, reserved 1048576K
}
Event: 6556.663 GC heap before
{Heap before GC invocations=125 (full 3):
 PSYoungGen      total 13824K, used 13088K [0x00000000d5580000, 0x00000000d6480000, 0x0000000100000000)
  eden space 12800K, 100% used [0x00000000d5580000,0x00000000d6200000,0x00000000d6200000)
  from space 1024K, 28% used [0x00000000d6280000,0x00000000d62c8000,0x00000000d6380000)
  to   space 512K, 0% used [0x00000000d6400000,0x00000000d6400000,0x00000000d6480000)
 ParOldGen       total 103424K, used 103115K [0x0000000080000000, 0x0000000086500000, 0x00000000d5580000)
  object space 103424K, 99% used [0x0000000080000000,0x00000000864b2c70,0x0000000086500000)
 Metaspace       used 74751K, committed 76416K, reserved 1179648K
  class space    used 7767K, committed 8512K, reserved 1048576K
}
Event: 6556.683 GC heap after
{Heap after GC invocations=125 (full 3):
 PSYoungGen      total 13312K, used 320K [0x00000000d5580000, 0x00000000d6480000, 0x0000000100000000)
  eden space 12800K, 0% used [0x00000000d5580000,0x00000000d5580000,0x00000000d6200000)
  from space 512K, 62% used [0x00000000d6400000,0x00000000d6450000,0x00000000d6480000)
  to   space 512K, 0% used [0x00000000d6380000,0x00000000d6380000,0x00000000d6400000)
 ParOldGen       total 103424K, used 103219K [0x0000000080000000, 0x0000000086500000, 0x00000000d5580000)
  object space 103424K, 99% used [0x0000000080000000,0x00000000864ccc70,0x0000000086500000)
 Metaspace       used 74751K, committed 76416K, reserved 1179648K
  class space    used 7767K, committed 8512K, reserved 1048576K
}
Event: 6821.275 GC heap before
{Heap before GC invocations=126 (full 3):
 PSYoungGen      total 13312K, used 13120K [0x00000000d5580000, 0x00000000d6480000, 0x0000000100000000)
  eden space 12800K, 100% used [0x00000000d5580000,0x00000000d6200000,0x00000000d6200000)
  from space 512K, 62% used [0x00000000d6400000,0x00000000d6450000,0x00000000d6480000)
  to   space 512K, 0% used [0x00000000d6380000,0x00000000d6380000,0x00000000d6400000)
 ParOldGen       total 103424K, used 103219K [0x0000000080000000, 0x0000000086500000, 0x00000000d5580000)
  object space 103424K, 99% used [0x0000000080000000,0x00000000864ccc70,0x0000000086500000)
 Metaspace       used 75050K, committed 76736K, reserved 1179648K
  class space    used 7784K, committed 8512K, reserved 1048576K
}
Event: 6821.282 GC heap after
{Heap after GC invocations=126 (full 3):
 PSYoungGen      total 13312K, used 512K [0x00000000d5580000, 0x00000000d6480000, 0x0000000100000000)
  eden space 12800K, 0% used [0x00000000d5580000,0x00000000d5580000,0x00000000d6200000)
  from space 512K, 100% used [0x00000000d6380000,0x00000000d6400000,0x00000000d6400000)
  to   space 512K, 0% used [0x00000000d6400000,0x00000000d6400000,0x00000000d6480000)
 ParOldGen       total 103424K, used 103363K [0x0000000080000000, 0x0000000086500000, 0x00000000d5580000)
  object space 103424K, 99% used [0x0000000080000000,0x00000000864f0c70,0x0000000086500000)
 Metaspace       used 75050K, committed 76736K, reserved 1179648K
  class space    used 7784K, committed 8512K, reserved 1048576K
}
Event: 6821.880 GC heap before
{Heap before GC invocations=127 (full 3):
 PSYoungGen      total 13312K, used 13312K [0x00000000d5580000, 0x00000000d6480000, 0x0000000100000000)
  eden space 12800K, 100% used [0x00000000d5580000,0x00000000d6200000,0x00000000d6200000)
  from space 512K, 100% used [0x00000000d6380000,0x00000000d6400000,0x00000000d6400000)
  to   space 512K, 0% used [0x00000000d6400000,0x00000000d6400000,0x00000000d6480000)
 ParOldGen       total 103424K, used 103363K [0x0000000080000000, 0x0000000086500000, 0x00000000d5580000)
  object space 103424K, 99% used [0x0000000080000000,0x00000000864f0c70,0x0000000086500000)
 Metaspace       used 75520K, committed 77184K, reserved 1179648K
  class space    used 7820K, committed 8512K, reserved 1048576K
}
Event: 6821.885 GC heap after
{Heap after GC invocations=127 (full 3):
 PSYoungGen      total 13312K, used 500K [0x00000000d5580000, 0x00000000d6500000, 0x0000000100000000)
  eden space 12800K, 0% used [0x00000000d5580000,0x00000000d5580000,0x00000000d6200000)
  from space 512K, 97% used [0x00000000d6400000,0x00000000d647d200,0x00000000d6480000)
  to   space 1536K, 0% used [0x00000000d6200000,0x00000000d6200000,0x00000000d6380000)
 ParOldGen       total 104448K, used 104211K [0x0000000080000000, 0x0000000086600000, 0x00000000d5580000)
  object space 104448K, 99% used [0x0000000080000000,0x00000000865c4d08,0x0000000086600000)
 Metaspace       used 75520K, committed 77184K, reserved 1179648K
  class space    used 7820K, committed 8512K, reserved 1048576K
}
Event: 7211.480 GC heap before
{Heap before GC invocations=128 (full 3):
 PSYoungGen      total 13312K, used 13300K [0x00000000d5580000, 0x00000000d6500000, 0x0000000100000000)
  eden space 12800K, 100% used [0x00000000d5580000,0x00000000d6200000,0x00000000d6200000)
  from space 512K, 97% used [0x00000000d6400000,0x00000000d647d200,0x00000000d6480000)
  to   space 1536K, 0% used [0x00000000d6200000,0x00000000d6200000,0x00000000d6380000)
 ParOldGen       total 104448K, used 104211K [0x0000000080000000, 0x0000000086600000, 0x00000000d5580000)
  object space 104448K, 99% used [0x0000000080000000,0x00000000865c4d08,0x0000000086600000)
 Metaspace       used 76059K, committed 77760K, reserved 1179648K
  class space    used 7867K, committed 8576K, reserved 1048576K
}
Event: 7211.509 GC heap after
{Heap after GC invocations=128 (full 3):
 PSYoungGen      total 14336K, used 864K [0x00000000d5580000, 0x00000000d6500000, 0x0000000100000000)
  eden space 12800K, 0% used [0x00000000d5580000,0x00000000d5580000,0x00000000d6200000)
  from space 1536K, 56% used [0x00000000d6200000,0x00000000d62d8000,0x00000000d6380000)
  to   space 1536K, 0% used [0x00000000d6380000,0x00000000d6380000,0x00000000d6500000)
 ParOldGen       total 104960K, used 104706K [0x0000000080000000, 0x0000000086680000, 0x00000000d5580000)
  object space 104960K, 99% used [0x0000000080000000,0x0000000086640820,0x0000000086680000)
 Metaspace       used 76059K, committed 77760K, reserved 1179648K
  class space    used 7867K, committed 8576K, reserved 1048576K
}
Event: 7851.245 GC heap before
{Heap before GC invocations=129 (full 3):
 PSYoungGen      total 14336K, used 13664K [0x00000000d5580000, 0x00000000d6500000, 0x0000000100000000)
  eden space 12800K, 100% used [0x00000000d5580000,0x00000000d6200000,0x00000000d6200000)
  from space 1536K, 56% used [0x00000000d6200000,0x00000000d62d8000,0x00000000d6380000)
  to   space 1536K, 0% used [0x00000000d6380000,0x00000000d6380000,0x00000000d6500000)
 ParOldGen       total 104960K, used 104706K [0x0000000080000000, 0x0000000086680000, 0x00000000d5580000)
  object space 104960K, 99% used [0x0000000080000000,0x0000000086640820,0x0000000086680000)
 Metaspace       used 76064K, committed 77760K, reserved 1179648K
  class space    used 7867K, committed 8576K, reserved 1048576K
}
Event: 7851.266 GC heap after
{Heap after GC invocations=129 (full 3):
 PSYoungGen      total 13312K, used 224K [0x00000000d5580000, 0x00000000d6400000, 0x0000000100000000)
  eden space 12800K, 0% used [0x00000000d5580000,0x00000000d5580000,0x00000000d6200000)
  from space 512K, 43% used [0x00000000d6380000,0x00000000d63b8000,0x00000000d6400000)
  to   space 512K, 0% used [0x00000000d6300000,0x00000000d6300000,0x00000000d6380000)
 ParOldGen       total 105472K, used 105463K [0x0000000080000000, 0x0000000086700000, 0x00000000d5580000)
  object space 105472K, 99% used [0x0000000080000000,0x00000000866fdcd8,0x0000000086700000)
 Metaspace       used 76064K, committed 77760K, reserved 1179648K
  class space    used 7867K, committed 8576K, reserved 1048576K
}

