# JRE version: OpenJDK Runtime Environment Temurin-21.0.10+7 (21.0.10+7) (build 21.0.10+7-LTS)
# Java VM: OpenJDK 64-Bit Server VM Temurin-21.0.10+7 (21.0.10+7-LTS, mixed mode, sharing, tiered, compressed oops, compressed class ptrs, parallel gc, windows-amd64)
GC Precious Log:
 CardTable entry size: 512
 CPUs: 8 total, 8 available
 Memory: 7932M
 Large Page Support: Disabled
 NUMA Support: Disabled
 Compressed Oops: Enabled (32-bit)
 Alignments: Space 512K, Generation 512K, Heap 2M
 Heap Min Capacity: 100M
 Heap Initial Capacity: 100M
 Heap Max Capacity: 2G
 Pre-touch: Disabled
 Parallel Workers: 8
Heap:
 PSYoungGen      total 3584K, used 2178K [0x00000000d5580000, 0x00000000d5b00000, 0x0000000100000000)
  eden space 2560K, 77% used [0x00000000d5580000,0x00000000d5770ad8,0x00000000d5800000)
  from space 1024K, 18% used [0x00000000d5900000,0x00000000d5930000,0x00000000d5a00000)
  to   space 512K, 0% used [0x00000000d5a80000,0x00000000d5a80000,0x00000000d5b00000)
 ParOldGen       total 605184K, used 605049K [0x0000000080000000, 0x00000000a4f00000, 0x00000000d5580000)
  object space 605184K, 99% used [0x0000000080000000,0x00000000a4ede7d8,0x00000000a4f00000)
 Metaspace       used 77606K, committed 79232K, reserved 1179648K
  class space    used 8114K, committed 8832K, reserved 1048576K
GC Heap History (20 events):
Event: 1205.044 GC heap before
{Heap before GC invocations=333 (full 3):
 PSYoungGen      total 4608K, used 4380K [0x00000000d5580000, 0x00000000d5c80000, 0x0000000100000000)
  eden space 2560K, 96% used [0x00000000d5580000,0x00000000d57ec8f0,0x00000000d5800000)
  from space 2048K, 92% used [0x00000000d5800000,0x00000000d59da800,0x00000000d5a00000)
  to   space 2048K, 0% used [0x00000000d5a80000,0x00000000d5a80000,0x00000000d5c80000)
 ParOldGen       total 566784K, used 565919K [0x0000000080000000, 0x00000000a2980000, 0x00000000d5580000)
  object space 566784K, 99% used [0x0000000080000000,0x00000000a28a7e98,0x00000000a2980000)
 Metaspace       used 77308K, committed 78976K, reserved 1179648K
  class space    used 8067K, committed 8768K, reserved 1048576K
}
Event: 1205.049 GC heap after
{Heap after GC invocations=333 (full 3):
 PSYoungGen      total 5120K, used 1834K [0x00000000d5580000, 0x00000000d5c80000, 0x0000000100000000)
  eden space 3072K, 0% used [0x00000000d5580000,0x00000000d5580000,0x00000000d5880000)
  from space 2048K, 89% used [0x00000000d5a80000,0x00000000d5c4a800,0x00000000d5c80000)
  to   space 2048K, 0% used [0x00000000d5880000,0x00000000d5880000,0x00000000d5a80000)
 ParOldGen       total 567808K, used 567725K [0x0000000080000000, 0x00000000a2a80000, 0x00000000d5580000)
  object space 567808K, 99% used [0x0000000080000000,0x00000000a2a6b6a8,0x00000000a2a80000)
 Metaspace       used 77308K, committed 78976K, reserved 1179648K
  class space    used 8067K, committed 8768K, reserved 1048576K
}
Event: 1205.126 GC heap before
{Heap before GC invocations=334 (full 3):
 PSYoungGen      total 5120K, used 4906K [0x00000000d5580000, 0x00000000d5c80000, 0x0000000100000000)
  eden space 3072K, 100% used [0x00000000d5580000,0x00000000d5880000,0x00000000d5880000)
  from space 2048K, 89% used [0x00000000d5a80000,0x00000000d5c4a800,0x00000000d5c80000)
  to   space 2048K, 0% used [0x00000000d5880000,0x00000000d5880000,0x00000000d5a80000)
 ParOldGen       total 591360K, used 590765K [0x0000000080000000, 0x00000000a4180000, 0x00000000d5580000)
  object space 591360K, 99% used [0x0000000080000000,0x00000000a40eb6c8,0x00000000a4180000)
 Metaspace       used 77314K, committed 78976K, reserved 1179648K
  class space    used 8067K, committed 8768K, reserved 1048576K
}
Event: 1205.134 GC heap after
{Heap after GC invocations=334 (full 3):
 PSYoungGen      total 5120K, used 1450K [0x00000000d5580000, 0x00000000d5d80000, 0x0000000100000000)
  eden space 3072K, 0% used [0x00000000d5580000,0x00000000d5580000,0x00000000d5880000)
  from space 2048K, 70% used [0x00000000d5880000,0x00000000d59ea800,0x00000000d5a80000)
  to   space 2048K, 0% used [0x00000000d5b80000,0x00000000d5b80000,0x00000000d5d80000)
 ParOldGen       total 593408K, used 593337K [0x0000000080000000, 0x00000000a4380000, 0x00000000d5580000)
  object space 593408K, 99% used [0x0000000080000000,0x00000000a436e6c8,0x00000000a4380000)
 Metaspace       used 77314K, committed 78976K, reserved 1179648K
  class space    used 8067K, committed 8768K, reserved 1048576K
}
Event: 1205.155 GC heap before
{Heap before GC invocations=335 (full 3):
 PSYoungGen      total 5120K, used 4521K [0x00000000d5580000, 0x00000000d5d80000, 0x0000000100000000)
  eden space 3072K, 99% used [0x00000000d5580000,0x00000000d587ffa8,0x00000000d5880000)
  from space 2048K, 70% used [0x00000000d5880000,0x00000000d59ea800,0x00000000d5a80000)
  to   space 2048K, 0% used [0x00000000d5b80000,0x00000000d5b80000,0x00000000d5d80000)
 ParOldGen       total 593408K, used 593337K [0x0000000080000000, 0x00000000a4380000, 0x00000000d5580000)
  object space 593408K, 99% used [0x0000000080000000,0x00000000a436e6c8,0x00000000a4380000)
 Metaspace       used 77314K, committed 78976K, reserved 1179648K
  class space    used 8067K, committed 8768K, reserved 1048576K
}
Event: 1205.160 GC heap after
{Heap after GC invocations=335 (full 3):
 PSYoungGen      total 3584K, used 2046K [0x00000000d5580000, 0x00000000d6280000, 0x0000000100000000)
  eden space 1536K, 0% used [0x00000000d5580000,0x00000000d5580000,0x00000000d5700000)
  from space 2048K, 99% used [0x00000000d5b80000,0x00000000d5d7f8f0,0x00000000d5d80000)
  to   space 4608K, 0% used [0x00000000d5700000,0x00000000d5700000,0x00000000d5b80000)
 ParOldGen       total 595456K, used 595083K [0x0000000080000000, 0x00000000a4580000, 0x00000000d5580000)
  object space 595456K, 99% used [0x0000000080000000,0x00000000a4522ec8,0x00000000a4580000)
 Metaspace       used 77314K, committed 78976K, reserved 1179648K
  class space    used 8067K, committed 8768K, reserved 1048576K
}
Event: 1205.165 GC heap before
{Heap before GC invocations=336 (full 3):
 PSYoungGen      total 3584K, used 3582K [0x00000000d5580000, 0x00000000d6280000, 0x0000000100000000)
  eden space 1536K, 100% used [0x00000000d5580000,0x00000000d5700000,0x00000000d5700000)
  from space 2048K, 99% used [0x00000000d5b80000,0x00000000d5d7f8f0,0x00000000d5d80000)
  to   space 4608K, 0% used [0x00000000d5700000,0x00000000d5700000,0x00000000d5b80000)
 ParOldGen       total 595456K, used 595083K [0x0000000080000000, 0x00000000a4580000, 0x00000000d5580000)
  object space 595456K, 99% used [0x0000000080000000,0x00000000a4522ec8,0x00000000a4580000)
 Metaspace       used 77314K, committed 78976K, reserved 1179648K
  class space    used 8067K, committed 8768K, reserved 1048576K
}
Event: 1205.171 GC heap after
{Heap after GC invocations=336 (full 3):
 PSYoungGen      total 3072K, used 1472K [0x00000000d5580000, 0x00000000d5c80000, 0x0000000100000000)
  eden space 1536K, 0% used [0x00000000d5580000,0x00000000d5580000,0x00000000d5700000)
  from space 1536K, 95% used [0x00000000d5700000,0x00000000d5870000,0x00000000d5880000)
  to   space 2560K, 0% used [0x00000000d5a00000,0x00000000d5a00000,0x00000000d5c80000)
 ParOldGen       total 597504K, used 597177K [0x0000000080000000, 0x00000000a4780000, 0x00000000d5580000)
  object space 597504K, 99% used [0x0000000080000000,0x00000000a472e7b8,0x00000000a4780000)
 Metaspace       used 77314K, committed 78976K, reserved 1179648K
  class space    used 8067K, committed 8768K, reserved 1048576K
}
Event: 1205.175 GC heap before
{Heap before GC invocations=337 (full 3):
 PSYoungGen      total 3072K, used 3008K [0x00000000d5580000, 0x00000000d5c80000, 0x0000000100000000)
  eden space 1536K, 100% used [0x00000000d5580000,0x00000000d5700000,0x00000000d5700000)
  from space 1536K, 95% used [0x00000000d5700000,0x00000000d5870000,0x00000000d5880000)
  to   space 2560K, 0% used [0x00000000d5a00000,0x00000000d5a00000,0x00000000d5c80000)
 ParOldGen       total 597504K, used 597177K [0x0000000080000000, 0x00000000a4780000, 0x00000000d5580000)
  object space 597504K, 99% used [0x0000000080000000,0x00000000a472e7b8,0x00000000a4780000)
 Metaspace       used 77314K, committed 78976K, reserved 1179648K
  class space    used 8067K, committed 8768K, reserved 1048576K
}
Event: 1205.182 GC heap after
{Heap after GC invocations=337 (full 3):
 PSYoungGen      total 3584K, used 1472K [0x00000000d5580000, 0x00000000d5b80000, 0x0000000100000000)
  eden space 2048K, 0% used [0x00000000d5580000,0x00000000d5580000,0x00000000d5780000)
  from space 1536K, 95% used [0x00000000d5a00000,0x00000000d5b70000,0x00000000d5b80000)
  to   space 2048K, 0% used [0x00000000d5780000,0x00000000d5780000,0x00000000d5980000)
 ParOldGen       total 599040K, used 598569K [0x0000000080000000, 0x00000000a4900000, 0x00000000d5580000)
  object space 599040K, 99% used [0x0000000080000000,0x00000000a488a7b8,0x00000000a4900000)
 Metaspace       used 77314K, committed 78976K, reserved 1179648K
  class space    used 8067K, committed 8768K, reserved 1048576K
}
Event: 1205.189 GC heap before
{Heap before GC invocations=338 (full 3):
 PSYoungGen      total 3584K, used 3520K [0x00000000d5580000, 0x00000000d5b80000, 0x0000000100000000)
  eden space 2048K, 100% used [0x00000000d5580000,0x00000000d5780000,0x00000000d5780000)
  from space 1536K, 95% used [0x00000000d5a00000,0x00000000d5b70000,0x00000000d5b80000)
  to   space 2048K, 0% used [0x00000000d5780000,0x00000000d5780000,0x00000000d5980000)
 ParOldGen       total 599040K, used 598569K [0x0000000080000000, 0x00000000a4900000, 0x00000000d5580000)
  object space 599040K, 99% used [0x0000000080000000,0x00000000a488a7b8,0x00000000a4900000)
 Metaspace       used 77314K, committed 78976K, reserved 1179648K
  class space    used 8067K, committed 8768K, reserved 1048576K
}
Event: 1205.193 GC heap after
{Heap after GC invocations=338 (full 3):
 PSYoungGen      total 4096K, used 1920K [0x00000000d5580000, 0x00000000d5c00000, 0x0000000100000000)
  eden space 2048K, 0% used [0x00000000d5580000,0x00000000d5580000,0x00000000d5780000)
  from space 2048K, 93% used [0x00000000d5780000,0x00000000d5960000,0x00000000d5980000)
  to   space 2048K, 0% used [0x00000000d5a00000,0x00000000d5a00000,0x00000000d5c00000)
 ParOldGen       total 600064K, used 599937K [0x0000000080000000, 0x00000000a4a00000, 0x00000000d5580000)
  object space 600064K, 99% used [0x0000000080000000,0x00000000a49e07b8,0x00000000a4a00000)
 Metaspace       used 77314K, committed 78976K, reserved 1179648K
  class space    used 8067K, committed 8768K, reserved 1048576K
}
Event: 1205.207 GC heap before
{Heap before GC invocations=339 (full 3):
 PSYoungGen      total 4096K, used 3949K [0x00000000d5580000, 0x00000000d5c00000, 0x0000000100000000)
  eden space 2048K, 99% used [0x00000000d5580000,0x00000000d577b6c0,0x00000000d5780000)
  from space 2048K, 93% used [0x00000000d5780000,0x00000000d5960000,0x00000000d5980000)
  to   space 2048K, 0% used [0x00000000d5a00000,0x00000000d5a00000,0x00000000d5c00000)
 ParOldGen       total 600064K, used 599937K [0x0000000080000000, 0x00000000a4a00000, 0x00000000d5580000)
  object space 600064K, 99% used [0x0000000080000000,0x00000000a49e07b8,0x00000000a4a00000)
 Metaspace       used 77315K, committed 78976K, reserved 1179648K
  class space    used 8067K, committed 8768K, reserved 1048576K
}
Event: 1205.210 GC heap after
{Heap after GC invocations=339 (full 3):
 PSYoungGen      total 4608K, used 1792K [0x00000000d5580000, 0x00000000d5c00000, 0x0000000100000000)
  eden space 2560K, 0% used [0x00000000d5580000,0x00000000d5580000,0x00000000d5800000)
  from space 2048K, 87% used [0x00000000d5a00000,0x00000000d5bc0000,0x00000000d5c00000)
  to   space 2048K, 0% used [0x00000000d5800000,0x00000000d5800000,0x00000000d5a00000)
 ParOldGen       total 602112K, used 601729K [0x0000000080000000, 0x00000000a4c00000, 0x00000000d5580000)
  object space 602112K, 99% used [0x0000000080000000,0x00000000a4ba07b8,0x00000000a4c00000)
 Metaspace       used 77315K, committed 78976K, reserved 1179648K
  class space    used 8067K, committed 8768K, reserved 1048576K
}
Event: 1223.687 GC heap before
{Heap before GC invocations=340 (full 3):
 PSYoungGen      total 4608K, used 4344K [0x00000000d5580000, 0x00000000d5c00000, 0x0000000100000000)
  eden space 2560K, 99% used [0x00000000d5580000,0x00000000d57fe008,0x00000000d5800000)
  from space 2048K, 87% used [0x00000000d5a00000,0x00000000d5bc0000,0x00000000d5c00000)
  to   space 2048K, 0% used [0x00000000d5800000,0x00000000d5800000,0x00000000d5a00000)
 ParOldGen       total 602112K, used 601729K [0x0000000080000000, 0x00000000a4c00000, 0x00000000d5580000)
  object space 602112K, 99% used [0x0000000080000000,0x00000000a4ba07b8,0x00000000a4c00000)
 Metaspace       used 77320K, committed 78976K, reserved 1179648K
  class space    used 8068K, committed 8768K, reserved 1048576K
}
Event: 1223.702 GC heap after
{Heap after GC invocations=340 (full 3):
 PSYoungGen      total 4608K, used 1856K [0x00000000d5580000, 0x00000000d5c80000, 0x0000000100000000)
  eden space 2560K, 0% used [0x00000000d5580000,0x00000000d5580000,0x00000000d5800000)
  from space 2048K, 90% used [0x00000000d5800000,0x00000000d59d0000,0x00000000d5a00000)
  to   space 2048K, 0% used [0x00000000d5a80000,0x00000000d5a80000,0x00000000d5c80000)
 ParOldGen       total 603648K, used 603185K [0x0000000080000000, 0x00000000a4d80000, 0x00000000d5580000)
  object space 603648K, 99% used [0x0000000080000000,0x00000000a4d0c7b8,0x00000000a4d80000)
 Metaspace       used 77320K, committed 78976K, reserved 1179648K
  class space    used 8068K, committed 8768K, reserved 1048576K
}
Event: 1247.145 GC heap before
{Heap before GC invocations=341 (full 3):
 PSYoungGen      total 4608K, used 4416K [0x00000000d5580000, 0x00000000d5c80000, 0x0000000100000000)
  eden space 2560K, 100% used [0x00000000d5580000,0x00000000d5800000,0x00000000d5800000)
  from space 2048K, 90% used [0x00000000d5800000,0x00000000d59d0000,0x00000000d5a00000)
  to   space 2048K, 0% used [0x00000000d5a80000,0x00000000d5a80000,0x00000000d5c80000)
 ParOldGen       total 603648K, used 603185K [0x0000000080000000, 0x00000000a4d80000, 0x00000000d5580000)
  object space 603648K, 99% used [0x0000000080000000,0x00000000a4d0c7b8,0x00000000a4d80000)
 Metaspace       used 77543K, committed 79168K, reserved 1179648K
  class space    used 8113K, committed 8768K, reserved 1048576K
}
Event: 1247.151 GC heap after
{Heap after GC invocations=341 (full 3):
 PSYoungGen      total 3072K, used 256K [0x00000000d5580000, 0x00000000d5b00000, 0x0000000100000000)
  eden space 2560K, 0% used [0x00000000d5580000,0x00000000d5580000,0x00000000d5800000)
  from space 512K, 50% used [0x00000000d5a80000,0x00000000d5ac0020,0x00000000d5b00000)
  to   space 1024K, 0% used [0x00000000d5900000,0x00000000d5900000,0x00000000d5a00000)
 ParOldGen       total 605184K, used 604937K [0x0000000080000000, 0x00000000a4f00000, 0x00000000d5580000)
  object space 605184K, 99% used [0x0000000080000000,0x00000000a4ec27b8,0x00000000a4f00000)
 Metaspace       used 77543K, committed 79168K, reserved 1179648K
  class space    used 8113K, committed 8768K, reserved 1048576K
}
Event: 1504.682 GC heap before
{Heap before GC invocations=342 (full 3):
 PSYoungGen      total 3072K, used 2812K [0x00000000d5580000, 0x00000000d5b00000, 0x0000000100000000)
  eden space 2560K, 99% used [0x00000000d5580000,0x00000000d57ff188,0x00000000d5800000)
  from space 512K, 50% used [0x00000000d5a80000,0x00000000d5ac0020,0x00000000d5b00000)
  to   space 1024K, 0% used [0x00000000d5900000,0x00000000d5900000,0x00000000d5a00000)
 ParOldGen       total 605184K, used 604937K [0x0000000080000000, 0x00000000a4f00000, 0x00000000d5580000)
  object space 605184K, 99% used [0x0000000080000000,0x00000000a4ec27b8,0x00000000a4f00000)
 Metaspace       used 77569K, committed 79232K, reserved 1179648K
  class space    used 8114K, committed 8832K, reserved 1048576K
}
Event: 1504.687 GC heap after
{Heap after GC invocations=342 (full 3):
 PSYoungGen      total 3584K, used 192K [0x00000000d5580000, 0x00000000d5b00000, 0x0000000100000000)
  eden space 2560K, 0% used [0x00000000d5580000,0x00000000d5580000,0x00000000d5800000)
  from space 1024K, 18% used [0x00000000d5900000,0x00000000d5930000,0x00000000d5a00000)
  to   space 512K, 0% used [0x00000000d5a80000,0x00000000d5a80000,0x00000000d5b00000)
 ParOldGen       total 605184K, used 605049K [0x0000000080000000, 0x00000000a4f00000, 0x00000000d5580000)
  object space 605184K, 99% used [0x0000000080000000,0x00000000a4ede7d8,0x00000000a4f00000)
 Metaspace       used 77569K, committed 79232K, reserved 1179648K
  class space    used 8114K, committed 8832K, reserved 1048576K
}

